<?xml version="1.0" encoding="UTF-8"?>
<!-- Generated by org.testng.reporters.JUnitReportReporter -->
<testsuite hostname="bcedbeecedcdbbeacdbfedabcfaaebcecfbfc-0" failures="0" tests="3" name="runner.Testcase1" time="25.097" errors="0" timestamp="2023-08-22T10:21:24 UTC" skipped="0">
  <testcase classname="runner.Testcase1" name="Register" time="11.257"/>
  <testcase classname="runner.Testcase1" name="Valid_Login_TC" time="7.970"/>
  <testcase classname="runner.Testcase1" name="TC_Vote_003" time="5.870"/>
</testsuite> <!-- runner.Testcase1 -->
